[22.01.2019]
9:17:39 | Администратор= Подключился, пользователь: Maks
9:17:47 | Администратор= Отключился, пользователь: Maks
9:18:32 | Администратор= Подключился, пользователь: Maks
9:18:34 | Администратор= Отключился, пользователь: Maks
9:18:46 | Славяносербский район= Подключился, пользователь: Maks
9:18:50 | Славяносербский район= Отключился, пользователь: Maks
9:23:24 | Администратор= Подключился, пользователь: Maks
9:23:54 | Администратор= Отключился, пользователь: Maks
9:27:44 | Администратор= Подключился, пользователь: Maks
9:28:04 | Администратор= Отключился, пользователь: Maks
11:06:10 | Администратор= Подключился, пользователь: Maks
11:06:13 | Администратор= Отключился, пользователь: Maks
[23.01.2019]
8:23:25 | Администратор= Подключился, пользователь: Maks
8:23:40 | Администратор= Отключился, пользователь: Maks
8:26:13 | Лутугинский район= Подключился, пользователь: Maks
8:26:33 | Лутугинский район= Отключился, пользователь: Maks
8:30:25 | Лутугинский район= Подключился, пользователь: Maks
8:30:44 | Лутугинский район= Отключился, пользователь: Maks
8:36:26 | Лутугинский район= Подключился, пользователь: Maks
8:36:40 | Лутугинский район= Отключился, пользователь: Maks
8:37:10 | Администратор= Подключился, пользователь: Maks
8:37:40 | Администратор= Отключился, пользователь: Maks
8:39:33 | Администратор= Подключился, пользователь: Maks
8:40:05 | Администратор= Отключился, пользователь: Maks
8:46:12 | Алчевск и Перевальский район= Подключился, пользователь: Maks
8:46:28 | Алчевск и Перевальский район= Отключился, пользователь: Maks
8:47:00 | Краснодон и Краснодонский район= Подключился, пользователь: Maks
8:47:07 | Краснодон и Краснодонский район= Отключился, пользователь: Maks
9:15:32 | Брянка, Кировск, Стаханов, Первомайск= Подключился, пользователь: Maks
9:16:46 | Брянка, Кировск, Стаханов, Первомайск= Отключился, пользователь: Maks
9:18:28 | Луганск= Подключился, пользователь: Maks
9:19:26 | Луганск= Отключился, пользователь: Maks
9:20:50 | Красный Луч= Подключился, пользователь: Maks
9:21:07 | Красный Луч= Отключился, пользователь: Maks
9:22:50 | Администратор= Подключился, пользователь: Maks
9:23:15 | Администратор= Отключился, пользователь: Maks
9:23:26 | Брянка, Кировск, Стаханов, Первомайск= Подключился, пользователь: Maks
9:24:20 | Брянка, Кировск, Стаханов, Первомайск= Отключился, пользователь: Maks
9:25:26 | Луганск= Подключился, пользователь: Maks
9:26:14 | Луганск= Отключился, пользователь: Maks
9:30:12 | Лутугинский район= Подключился, пользователь: Maks
9:30:37 | Лутугинский район= Отключился, пользователь: Maks
9:31:58 | Ровеньки= Подключился, пользователь: Maks
9:32:18 | Ровеньки= Отключился, пользователь: Maks
9:33:22 | Краснодон и Краснодонский район= Подключился, пользователь: Maks
9:33:29 | Краснодон и Краснодонский район= Подключился, пользователь: Maks
9:35:57 | Свердловск и Свердловский район= Подключился, пользователь: Maks
9:36:27 | Свердловск и Свердловский район= Отключился, пользователь: Maks
9:43:33 | Свердловск и Свердловский район= Подключился, пользователь: Maks
9:44:17 | Свердловск и Свердловский район= Отключился, пользователь: Maks
10:00:59 | Луганск= Подключился, пользователь: Maks
10:01:17 | Луганск= Отключился, пользователь: Maks
10:03:27 | Свердловск и Свердловский район= Подключился, пользователь: Maks
10:04:00 | Свердловск и Свердловский район= Отключился, пользователь: Maks
10:04:22 | Луганск= Подключился, пользователь: Maks
10:05:07 | Луганск= Отключился, пользователь: Maks
10:07:47 | Краснодон и Краснодонский район= Подключился, пользователь: Maks
10:08:15 | Краснодон и Краснодонский район= Отключился, пользователь: Maks
10:08:33 | Луганск= Подключился, пользователь: Maks
10:08:57 | Луганск= Отключился, пользователь: Maks
10:10:06 | Луганск= Подключился, пользователь: Maks
10:10:32 | Луганск= Отключился, пользователь: Maks
15:55:47 | Алчевск и Перевальский район= Подключился, пользователь: Maks
15:56:09 | Алчевск и Перевальский район= Отключился, пользователь: Maks
15:56:22 | Администратор= Подключился, пользователь: Maks
15:57:31 | Администратор= Отключился, пользователь: Maks
15:57:56 | Луганск= Подключился, пользователь: Maks
15:58:05 | Луганск= Отключился, пользователь: Maks
[24.01.2019]
8:21:41 | Алчевск и Перевальский район= Подключился, пользователь: Maks
8:21:50 | Алчевск и Перевальский район= Отключился, пользователь: Maks
8:22:59 | Краснодон и Краснодонский район= Подключился, пользователь: Maks
8:23:08 | Краснодон и Краснодонский район= Отключился, пользователь: Maks
9:26:34 | Администратор= Подключился, пользователь: Maks
9:27:00 | Администратор= Отключился, пользователь: Maks
9:34:42 | Администратор= Подключился, пользователь: Maks
9:35:10 | Администратор= Отключился, пользователь: Maks
9:36:58 | Администратор= Подключился, пользователь: Maks
9:37:20 | Администратор= Отключился, пользователь: Maks
9:37:48 | Администратор= Подключился, пользователь: Maks
9:38:05 | Администратор= Отключился, пользователь: Maks
9:39:06 | Администратор= Подключился, пользователь: Maks
9:39:22 | Администратор= Отключился, пользователь: Maks
9:40:14 | Администратор= Подключился, пользователь: Maks
9:40:31 | Администратор= Отключился, пользователь: Maks
9:53:20 | Администратор= Подключился, пользователь: Maks
9:53:40 | Администратор= Отключился, пользователь: Maks
9:54:22 | Администратор= Подключился, пользователь: Maks
9:54:30 | Администратор= Отключился, пользователь: Maks
9:54:49 | Администратор= Подключился, пользователь: Maks
9:55:13 | Администратор= Отключился, пользователь: Maks
9:56:19 | Администратор= Подключился, пользователь: Maks
9:57:10 | Администратор= Отключился, пользователь: Maks
9:57:29 | Администратор= Подключился, пользователь: Maks
9:57:57 | Администратор= Отключился, пользователь: Maks
9:58:17 | Красный Луч= Подключился, пользователь: Maks
9:58:35 | Красный Луч= Отключился, пользователь: Maks
10:44:20 | Администратор= Подключился, пользователь: Maks
10:44:41 | Администратор= Отключился, пользователь: Maks
13:13:21 | Администратор= Подключился, пользователь: Maks
13:13:46 | Администратор= Отключился, пользователь: Maks
13:23:05 | Свердловск и Свердловский район= Подключился, пользователь: Maks
13:24:53 | Свердловск и Свердловский район= Отключился, пользователь: Maks
[28.01.2019]
10:33:21 | Администратор= Подключился, пользователь: Maks
10:34:00 | Администратор= Отключился, пользователь: Maks
10:39:57 | Администратор= Подключился, пользователь: Maks
10:40:05 | Администратор= Отключился, пользователь: Maks
10:41:03 | Администратор= Подключился, пользователь: Maks
10:41:10 | Администратор= Отключился, пользователь: Maks
10:41:50 | Администратор= Подключился, пользователь: Maks
10:42:12 | Администратор= Отключился, пользователь: Maks
10:52:14 | Администратор= Подключился, пользователь: Maks
10:52:28 | Администратор= Отключился, пользователь: Maks
10:56:00 | Администратор= Подключился, пользователь: Maks
10:56:07 | Администратор= Отключился, пользователь: Maks
10:56:32 | Администратор= Подключился, пользователь: Maks
10:59:37 | Администратор= Подключился, пользователь: Maks
11:01:43 | Администратор= Подключился, пользователь: Maks
11:03:18 | Администратор= Подключился, пользователь: Maks
11:05:02 | Администратор= Подключился, пользователь: Maks
11:07:03 | Администратор= Подключился, пользователь: Maks
11:07:41 | Администратор= Отключился, пользователь: Maks
11:08:21 | Брянка, Кировск, Стаханов, Первомайск= Подключился, пользователь: Maks
11:08:36 | Брянка, Кировск, Стаханов, Первомайск= Отключился, пользователь: Maks
11:21:11 | Администратор= Подключился, пользователь: Maks
11:21:26 | Администратор= Отключился, пользователь: Maks
11:22:31 | Администратор= Подключился, пользователь: Maks
11:23:03 | Администратор= Отключился, пользователь: Maks
11:42:44 | Администратор= Подключился, пользователь: Maks
11:42:55 | Администратор= Отключился, пользователь: Maks
11:43:41 | Администратор= Подключился, пользователь: Maks
11:43:49 | Администратор= Отключился, пользователь: Maks
11:49:10 | Администратор= Подключился, пользователь: Maks
11:49:17 | Администратор= Отключился, пользователь: Maks
11:49:41 | Администратор= Подключился, пользователь: Maks
11:49:48 | Администратор= Отключился, пользователь: Maks
12:01:09 | Администратор= Подключился, пользователь: Maks
12:01:26 | Администратор= Отключился, пользователь: Maks
12:02:12 | Администратор= Подключился, пользователь: Maks
12:02:43 | Администратор= Отключился, пользователь: Maks
12:05:28 | Администратор= Подключился, пользователь: Maks
12:29:19 | Администратор= Отключился, пользователь: Maks
12:29:41 | Администратор= Подключился, пользователь: Maks
12:44:30 | Администратор= Отключился, пользователь: Maks
12:51:50 | Администратор= Подключился, пользователь: Maks
12:52:16 | Администратор= Отключился, пользователь: Maks
12:53:22 | Администратор= Подключился, пользователь: Maks
12:56:06 | Администратор= Отключился, пользователь: Maks
15:17:54 | Администратор= Подключился, пользователь: Maks
15:18:16 | Администратор= Отключился, пользователь: Maks
15:50:37 | Администратор= Подключился, пользователь: Maks
15:51:09 | Администратор= Отключился, пользователь: Maks
15:55:01 | Администратор= Подключился, пользователь: Maks
15:57:12 | Администратор= Отключился, пользователь: Maks
16:01:54 | Администратор= Подключился, пользователь: Maks
16:02:24 | Администратор= Отключился, пользователь: Maks
16:05:50 | Брянка, Кировск, Стаханов, Первомайск= Подключился, пользователь: Maks
16:06:32 | Брянка, Кировск, Стаханов, Первомайск= Отключился, пользователь: Maks
16:07:39 | Алчевск и Перевальский район= Подключился, пользователь: Maks
16:15:20 | Алчевск и Перевальский район= Отключился, пользователь: Maks
16:15:31 | Администратор= Подключился, пользователь: Maks
16:15:54 | Администратор= Отключился, пользователь: Maks
16:21:42 | Администратор= Подключился, пользователь: Maks
16:21:48 | Администратор= Отключился, пользователь: Maks
16:35:07 | Администратор= Подключился, пользователь: Maks
16:35:47 | Администратор= Отключился, пользователь: Maks
16:37:56 | Администратор= Подключился, пользователь: Maks
16:38:20 | Администратор= Отключился, пользователь: Maks
16:38:53 | Администратор= Подключился, пользователь: Maks
16:39:04 | Администратор= Отключился, пользователь: Maks
16:39:40 | Администратор= Подключился, пользователь: Maks
16:40:23 | Администратор= Отключился, пользователь: Maks
16:46:26 | Администратор= Подключился, пользователь: Maks
16:46:30 | Администратор= Отключился, пользователь: Maks
[29.01.2019]
13:47:08 | Администратор= Отключился, пользователь: Maks
[31.08.2021]
8:01:48 | Администратор= Подключился, пользователь: m.martynenko
