[22.01.2019]
9:27:58 | Администратор = Добавил запись, кадастровый номер= 4424283350:24:001:0001 | Пользователь: Maks
[23.01.2019]
8:37:34 | Администратор= Добавил запись, кадастровый номер= 4424283350:24:001:0001 | Пользователь: Maks
9:15:47 | Брянка, Кировск, Стаханов, Первомайск= Добавил запись, кадастровый номер= 4424283350:24:001:0001 | Пользователь: Maks
9:16:44 | Брянка, Кировск, Стаханов, Первомайск= Добавил запись, кадастровый номер= 4424283350:24:001:0001 | Пользователь: Maks
9:18:44 | Луганск= Добавил запись, кадастровый номер= 4424283350:24:001:0001 | Пользователь: Maks
9:23:09 | Администратор= Добавил запись, кадастровый номер= 4424283350:24:001:0001 | Пользователь: Maks
9:23:43 | Брянка, Кировск, Стаханов, Первомайск= Добавил запись, кадастровый номер= 4424283350:24:001:0001 | Пользователь: Maks
9:25:43 | Луганск= Добавил запись, кадастровый номер= 4424283350:24:001:0001 | Пользователь: Maks
9:30:31 | Лутугинский район= Добавил запись, кадастровый номер= 4424283350:24:001:0001 | Пользователь: Maks
9:32:16 | Ровеньки= Добавил запись, кадастровый номер= 4424283350:24:001:0001 | Пользователь: Maks
10:01:12 | Луганск= Добавил запись, кадастровый номер= 4424283350:24:001:0001 | Пользователь: Maks
10:04:36 | Луганск= Добавил запись, кадастровый номер= 4424283350:24:001:0001 | Пользователь: Maks
10:05:03 | Луганск= Добавил запись, кадастровый номер= 4424283350:24:001:0001 | Пользователь: Maks
10:08:07 | Краснодон и Краснодонский район= Добавил запись, кадастровый номер= 4424283350:24:001:0001 | Пользователь: Maks
[24.01.2019]
9:57:53 | Администратор= Добавил запись, кадастровый номер= 4424283350:24:001:0001 | Пользователь: Maks
[28.01.2019]
15:51:05 | Администратор= Добавил запись, кадастровый номер= 4424283350:24:001:0001 | Пользователь: Maks
